c:\users\bob\documents\visual studio 2015\projects\final project\sfmltemplate\debug\vc140.pdb
c:\users\bob\documents\visual studio 2015\projects\final project\sfmltemplate\debug\vc140.idb
c:\users\bob\documents\visual studio 2015\projects\final project\sfmltemplate\debug\level01room.obj
c:\users\bob\documents\visual studio 2015\projects\final project\sfmltemplate\debug\level03room.obj
c:\users\bob\documents\visual studio 2015\projects\final project\sfmltemplate\debug\player.obj
c:\users\bob\documents\visual studio 2015\projects\final project\sfmltemplate\debug\quadtree.obj
c:\users\bob\documents\visual studio 2015\projects\final project\sfmltemplate\debug\sfmlbutton.obj
c:\users\bob\documents\visual studio 2015\projects\final project\sfmltemplate\debug\main.obj
c:\users\bob\documents\visual studio 2015\projects\final project\sfmltemplate\debug\mainmenuroom.obj
c:\users\bob\documents\visual studio 2015\projects\final project\sfmltemplate\debug\resourcemanager.obj
c:\users\bob\documents\visual studio 2015\projects\final project\sfmltemplate\debug\sfmlfont.obj
c:\users\bob\documents\visual studio 2015\projects\final project\sfmltemplate\debug\sfmlgame.obj
c:\users\bob\documents\visual studio 2015\projects\final project\sfmltemplate\debug\sfmlgameobject.obj
c:\users\bob\documents\visual studio 2015\projects\final project\sfmltemplate\debug\sfmlkeyboard.obj
c:\users\bob\documents\visual studio 2015\projects\final project\sfmltemplate\debug\sfmlmouse.obj
c:\users\bob\documents\visual studio 2015\projects\final project\sfmltemplate\debug\sfmlroom.obj
c:\users\bob\documents\visual studio 2015\projects\final project\sfmltemplate\debug\level02room.obj
c:\users\bob\documents\visual studio 2015\projects\final project\sfmltemplate\debug\sfmlbox.obj
c:\users\bob\documents\visual studio 2015\projects\final project\sfmltemplate\debug\sfmlwall.obj
c:\users\bob\documents\visual studio 2015\projects\final project\sfmltemplate\debug\solid.obj
c:\users\bob\documents\visual studio 2015\projects\final project\sfmltemplate\debug\stdafx.obj
c:\users\bob\documents\visual studio 2015\projects\final project\sfmltemplate\debug\testbox.obj
c:\users\bob\documents\visual studio 2015\projects\final project\sfmltemplate\debug\goal.obj
c:\users\bob\documents\visual studio 2015\projects\final project\sfmltemplate\debug\goalchecker.obj
c:\users\bob\documents\visual studio 2015\projects\final project\debug\sfmltemplate.ilk
c:\users\bob\documents\visual studio 2015\projects\final project\debug\sfmltemplate.exe
c:\users\bob\documents\visual studio 2015\projects\final project\debug\sfmltemplate.pdb
c:\users\bob\documents\visual studio 2015\projects\final project\sfmltemplate\debug\sfmltemplate.tlog\cl.command.1.tlog
c:\users\bob\documents\visual studio 2015\projects\final project\sfmltemplate\debug\sfmltemplate.tlog\cl.read.1.tlog
c:\users\bob\documents\visual studio 2015\projects\final project\sfmltemplate\debug\sfmltemplate.tlog\cl.write.1.tlog
c:\users\bob\documents\visual studio 2015\projects\final project\sfmltemplate\debug\sfmltemplate.tlog\link.command.1.tlog
c:\users\bob\documents\visual studio 2015\projects\final project\sfmltemplate\debug\sfmltemplate.tlog\link.read.1.tlog
c:\users\bob\documents\visual studio 2015\projects\final project\sfmltemplate\debug\sfmltemplate.tlog\link.write.1.tlog
